d:\users\539\documents\github\sp2-team-18\dm2122practical\debug\vc141.pdb
d:\users\539\documents\github\sp2-team-18\dm2122practical\debug\vc141.idb
d:\users\539\documents\github\sp2-team-18\dm2122practical\debug\utility.obj
d:\users\539\documents\github\sp2-team-18\dm2122practical\debug\shader.obj
d:\users\539\documents\github\sp2-team-18\dm2122practical\debug\scene1.obj
d:\users\539\documents\github\sp2-team-18\dm2122practical\debug\meshbuilder.obj
d:\users\539\documents\github\sp2-team-18\dm2122practical\debug\mesh.obj
d:\users\539\documents\github\sp2-team-18\dm2122practical\debug\main.obj
d:\users\539\documents\github\sp2-team-18\dm2122practical\debug\loadtga.obj
d:\users\539\documents\github\sp2-team-18\dm2122practical\debug\loadobj.obj
d:\users\539\documents\github\sp2-team-18\dm2122practical\debug\camera3.obj
d:\users\539\documents\github\sp2-team-18\dm2122practical\debug\camera.obj
d:\users\539\documents\github\sp2-team-18\dm2122practical\debug\application.obj
d:\users\539\documents\github\sp2-team-18\dm2122practical\debug\scenemenu.obj
d:\users\539\documents\github\sp2-team-18\dm2122practical\debug\scenegame.obj
d:\users\539\documents\github\sp2-team-18\dm2122practical\debug\currency.obj
d:\users\539\documents\github\sp2-team-18\dm2122practical\debug\saving.obj
d:\users\539\documents\github\sp2-team-18\debug\dm2122practical.ilk
d:\users\539\documents\github\sp2-team-18\debug\dm2122practical.exe
d:\users\539\documents\github\sp2-team-18\debug\dm2122practical.pdb
d:\users\539\documents\github\sp2-team-18\dm2122practical\debug\camera2.obj
d:\users\539\documents\github\sp2-team-18\dm2122practical\debug\dm2122practical.tlog\cl.command.1.tlog
d:\users\539\documents\github\sp2-team-18\dm2122practical\debug\dm2122practical.tlog\cl.read.1.tlog
d:\users\539\documents\github\sp2-team-18\dm2122practical\debug\dm2122practical.tlog\cl.write.1.tlog
d:\users\539\documents\github\sp2-team-18\dm2122practical\debug\dm2122practical.tlog\link.command.1.tlog
d:\users\539\documents\github\sp2-team-18\dm2122practical\debug\dm2122practical.tlog\link.read.1.tlog
d:\users\539\documents\github\sp2-team-18\dm2122practical\debug\dm2122practical.tlog\link.write.1.tlog
