  SceneGame.cpp
Application.obj : error LNK2019: unresolved external symbol "public: __cdecl StopWatch::StopWatch(void)" (??0StopWatch@@QEAA@XZ) referenced in function "public: __cdecl Application::Application(void)" (??0Application@@QEAA@XZ)
Application.obj : error LNK2019: unresolved external symbol "public: __cdecl StopWatch::~StopWatch(void)" (??1StopWatch@@QEAA@XZ) referenced in function "public: __cdecl Application::~Application(void)" (??1Application@@QEAA@XZ)
Application.obj : error LNK2019: unresolved external symbol "public: void __cdecl StopWatch::startTimer(void)" (?startTimer@StopWatch@@QEAAXXZ) referenced in function "public: void __cdecl Application::Run(void)" (?Run@Application@@QEAAXXZ)
Application.obj : error LNK2019: unresolved external symbol "public: double __cdecl StopWatch::getElapsedTime(void)" (?getElapsedTime@StopWatch@@QEAANXZ) referenced in function "public: void __cdecl Application::Run(void)" (?Run@Application@@QEAAXXZ)
Application.obj : error LNK2019: unresolved external symbol "public: void __cdecl StopWatch::waitUntil(__int64)" (?waitUntil@StopWatch@@QEAAX_J@Z) referenced in function "public: void __cdecl Application::Run(void)" (?Run@Application@@QEAAXXZ)
Application.obj : error LNK2019: unresolved external symbol __imp_glViewport referenced in function "void __cdecl resize_callback(struct GLFWwindow *,int,int)" (?resize_callback@@YAXPEAUGLFWwindow@@HH@Z)
Application.obj : error LNK2019: unresolved external symbol __imp_glewInit referenced in function "public: void __cdecl Application::Init(void)" (?Init@Application@@QEAAXXZ)
Application.obj : error LNK2019: unresolved external symbol __imp_glewGetErrorString referenced in function "public: void __cdecl Application::Init(void)" (?Init@Application@@QEAAXXZ)
Application.obj : error LNK2019: unresolved external symbol glfwInit referenced in function "public: void __cdecl Application::Init(void)" (?Init@Application@@QEAAXXZ)
Application.obj : error LNK2019: unresolved external symbol glfwTerminate referenced in function "public: void __cdecl Application::Exit(void)" (?Exit@Application@@QEAAXXZ)
Application.obj : error LNK2019: unresolved external symbol glfwSetErrorCallback referenced in function "public: void __cdecl Application::Init(void)" (?Init@Application@@QEAAXXZ)
Application.obj : error LNK2019: unresolved external symbol glfwWindowHint referenced in function "public: void __cdecl Application::Init(void)" (?Init@Application@@QEAAXXZ)
Application.obj : error LNK2019: unresolved external symbol glfwCreateWindow referenced in function "public: void __cdecl Application::Init(void)" (?Init@Application@@QEAAXXZ)
Application.obj : error LNK2019: unresolved external symbol glfwDestroyWindow referenced in function "public: void __cdecl Application::Exit(void)" (?Exit@Application@@QEAAXXZ)
Application.obj : error LNK2019: unresolved external symbol glfwWindowShouldClose referenced in function "public: void __cdecl Application::Run(void)" (?Run@Application@@QEAAXXZ)
Application.obj : error LNK2019: unresolved external symbol glfwPollEvents referenced in function "public: void __cdecl Application::Run(void)" (?Run@Application@@QEAAXXZ)
Application.obj : error LNK2019: unresolved external symbol glfwMakeContextCurrent referenced in function "public: void __cdecl Application::Init(void)" (?Init@Application@@QEAAXXZ)
Application.obj : error LNK2019: unresolved external symbol glfwSwapBuffers referenced in function "public: void __cdecl Application::Run(void)" (?Run@Application@@QEAAXXZ)
Application.obj : error LNK2001: unresolved external symbol __imp_glewExperimental
SceneGame.obj : error LNK2001: unresolved external symbol "public: __cdecl Vector3::Vector3(float,float,float)" (??0Vector3@@QEAA@MMM@Z)
Camera.obj : error LNK2001: unresolved external symbol "public: __cdecl Vector3::Vector3(float,float,float)" (??0Vector3@@QEAA@MMM@Z)
Camera3.obj : error LNK2001: unresolved external symbol "public: __cdecl Vector3::Vector3(float,float,float)" (??0Vector3@@QEAA@MMM@Z)
LoadOBJ.obj : error LNK2001: unresolved external symbol "public: __cdecl Vector3::Vector3(float,float,float)" (??0Vector3@@QEAA@MMM@Z)
MeshBuilder.obj : error LNK2001: unresolved external symbol "public: __cdecl Vector3::Vector3(float,float,float)" (??0Vector3@@QEAA@MMM@Z)
SceneGame.obj : error LNK2001: unresolved external symbol "public: __cdecl Vector3::~Vector3(void)" (??1Vector3@@QEAA@XZ)
Camera.obj : error LNK2001: unresolved external symbol "public: __cdecl Vector3::~Vector3(void)" (??1Vector3@@QEAA@XZ)
Camera3.obj : error LNK2001: unresolved external symbol "public: __cdecl Vector3::~Vector3(void)" (??1Vector3@@QEAA@XZ)
LoadOBJ.obj : error LNK2001: unresolved external symbol "public: __cdecl Vector3::~Vector3(void)" (??1Vector3@@QEAA@XZ)
MeshBuilder.obj : error LNK2001: unresolved external symbol "public: __cdecl Vector3::~Vector3(void)" (??1Vector3@@QEAA@XZ)
Camera.obj : error LNK2019: unresolved external symbol "public: void __cdecl Vector3::Set(float,float,float)" (?Set@Vector3@@QEAAXMMM@Z) referenced in function "public: void __cdecl Camera::Reset(void)" (?Reset@Camera@@QEAAXXZ)
LoadOBJ.obj : error LNK2001: unresolved external symbol "public: void __cdecl Vector3::Set(float,float,float)" (?Set@Vector3@@QEAAXMMM@Z)
MeshBuilder.obj : error LNK2001: unresolved external symbol "public: void __cdecl Vector3::Set(float,float,float)" (?Set@Vector3@@QEAAXMMM@Z)
SceneGame.obj : error LNK2001: unresolved external symbol "public: void __cdecl Vector3::Set(float,float,float)" (?Set@Vector3@@QEAAXMMM@Z)
Camera.obj : error LNK2019: unresolved external symbol "public: struct Vector3 & __cdecl Vector3::operator=(struct Vector3 const &)" (??4Vector3@@QEAAAEAU0@AEBU0@@Z) referenced in function "public: void __cdecl Camera::Init(struct Vector3 const &,struct Vector3 const &,struct Vector3 const &)" (?Init@Camera@@QEAAXAEBUVector3@@00@Z)
Camera3.obj : error LNK2001: unresolved external symbol "public: struct Vector3 & __cdecl Vector3::operator=(struct Vector3 const &)" (??4Vector3@@QEAAAEAU0@AEBU0@@Z)
Camera3.obj : error LNK2019: unresolved external symbol "public: struct Vector3 __cdecl Vector3::operator+(struct Vector3 const &)const " (??HVector3@@QEBA?AU0@AEBU0@@Z) referenced in function "public: virtual void __cdecl Camera3::Update(double)" (?Update@Camera3@@UEAAXN@Z)
Camera3.obj : error LNK2019: unresolved external symbol "public: struct Vector3 __cdecl Vector3::operator-(struct Vector3 const &)const " (??GVector3@@QEBA?AU0@AEBU0@@Z) referenced in function "public: virtual void __cdecl Camera3::Init(struct Vector3 const &,struct Vector3 const &,struct Vector3 const &)" (?Init@Camera3@@UEAAXAEBUVector3@@00@Z)
Camera3.obj : error LNK2019: unresolved external symbol "public: struct Vector3 __cdecl Vector3::Cross(struct Vector3 const &)const " (?Cross@Vector3@@QEBA?AU1@AEBU1@@Z) referenced in function "public: virtual void __cdecl Camera3::Init(struct Vector3 const &,struct Vector3 const &,struct Vector3 const &)" (?Init@Camera3@@UEAAXAEBUVector3@@00@Z)
Camera3.obj : error LNK2019: unresolved external symbol "public: struct Vector3 __cdecl Vector3::Normalized(void)const " (?Normalized@Vector3@@QEBA?AU1@XZ) referenced in function "public: virtual void __cdecl Camera3::Init(struct Vector3 const &,struct Vector3 const &,struct Vector3 const &)" (?Init@Camera3@@UEAAXAEBUVector3@@00@Z)
Camera3.obj : error LNK2019: unresolved external symbol "public: struct Vector3 & __cdecl Vector3::Normalize(void)" (?Normalize@Vector3@@QEAAAEAU1@XZ) referenced in function "public: virtual void __cdecl Camera3::Init(struct Vector3 const &,struct Vector3 const &,struct Vector3 const &)" (?Init@Camera3@@UEAAXAEBUVector3@@00@Z)
Camera3.obj : error LNK2019: unresolved external symbol "public: __cdecl Mtx44::Mtx44(float,float,float,float,float,float,float,float,float,float,float,float,float,float,float,float)" (??0Mtx44@@QEAA@MMMMMMMMMMMMMMMM@Z) referenced in function "public: virtual void __cdecl Camera3::Update(double)" (?Update@Camera3@@UEAAXN@Z)
SceneGame.obj : error LNK2001: unresolved external symbol "public: __cdecl Mtx44::Mtx44(float,float,float,float,float,float,float,float,float,float,float,float,float,float,float,float)" (??0Mtx44@@QEAA@MMMMMMMMMMMMMMMM@Z)
Camera3.obj : error LNK2019: unresolved external symbol "public: struct Vector3 __cdecl Mtx44::operator*(struct Vector3 const &)const " (??DMtx44@@QEBA?AUVector3@@AEBU1@@Z) referenced in function "public: virtual void __cdecl Camera3::Update(double)" (?Update@Camera3@@UEAAXN@Z)
Camera3.obj : error LNK2019: unresolved external symbol "public: void __cdecl Mtx44::SetToRotation(float,float,float,float)" (?SetToRotation@Mtx44@@QEAAXMMMM@Z) referenced in function "public: virtual void __cdecl Camera3::Update(double)" (?Update@Camera3@@UEAAXN@Z)
LoadOBJ.obj : error LNK2019: unresolved external symbol "public: __cdecl Vector3::Vector3(struct Vector3 const &)" (??0Vector3@@QEAA@AEBU0@@Z) referenced in function "public: static void __cdecl std::_Default_allocator_traits<class std::allocator<struct Vector3> >::construct<struct Vector3,struct Vector3 &>(class std::allocator<struct Vector3> &,struct Vector3 * const,struct Vector3 &)" (??$construct@UVector3@@AEAU1@@?$_Default_allocator_traits@V?$allocator@UVector3@@@std@@@std@@SAXAEAV?$allocator@UVector3@@@1@QEAUVector3@@AEAU3@@Z)
MeshBuilder.obj : error LNK2001: unresolved external symbol "public: __cdecl Vector3::Vector3(struct Vector3 const &)" (??0Vector3@@QEAA@AEBU0@@Z)
LoadTGA.obj : error LNK2019: unresolved external symbol __imp_glBindTexture referenced in function "unsigned int __cdecl LoadTGA(char const *)" (?LoadTGA@@YAIPEBD@Z)
SceneGame.obj : error LNK2001: unresolved external symbol __imp_glBindTexture
LoadTGA.obj : error LNK2019: unresolved external symbol __imp_glGenTextures referenced in function "unsigned int __cdecl LoadTGA(char const *)" (?LoadTGA@@YAIPEBD@Z)
LoadTGA.obj : error LNK2019: unresolved external symbol __imp_glTexImage2D referenced in function "unsigned int __cdecl LoadTGA(char const *)" (?LoadTGA@@YAIPEBD@Z)
LoadTGA.obj : error LNK2019: unresolved external symbol __imp_glTexParameteri referenced in function "unsigned int __cdecl LoadTGA(char const *)" (?LoadTGA@@YAIPEBD@Z)
Mesh.obj : error LNK2019: unresolved external symbol __imp_glDeleteTextures referenced in function "public: __cdecl Mesh::~Mesh(void)" (??1Mesh@@QEAA@XZ)
Mesh.obj : error LNK2019: unresolved external symbol __imp_glDrawElements referenced in function "public: void __cdecl Mesh::Render(unsigned int,unsigned int)" (?Render@Mesh@@QEAAXII@Z)
Mesh.obj : error LNK2001: unresolved external symbol __imp___glewBindBuffer
MeshBuilder.obj : error LNK2001: unresolved external symbol __imp___glewBindBuffer
Mesh.obj : error LNK2001: unresolved external symbol __imp___glewDeleteBuffers
Mesh.obj : error LNK2001: unresolved external symbol __imp___glewGenBuffers
Mesh.obj : error LNK2001: unresolved external symbol __imp___glewDisableVertexAttribArray
Mesh.obj : error LNK2001: unresolved external symbol __imp___glewEnableVertexAttribArray
Mesh.obj : error LNK2001: unresolved external symbol __imp___glewVertexAttribPointer
MeshBuilder.obj : error LNK2001: unresolved external symbol __imp___glewBufferData
SceneGame.obj : error LNK2019: unresolved external symbol "public: class Mtx44 __cdecl Mtx44::GetTranspose(void)const " (?GetTranspose@Mtx44@@QEBA?AV1@XZ) referenced in function "private: void __cdecl SceneGame::RenderMesh(class Mesh *,bool)" (?RenderMesh@SceneGame@@AEAAXPEAVMesh@@_N@Z)
SceneGame.obj : error LNK2019: unresolved external symbol "public: class Mtx44 __cdecl Mtx44::GetInverse(void)const " (?GetInverse@Mtx44@@QEBA?AV1@XZ) referenced in function "private: void __cdecl SceneGame::RenderMesh(class Mesh *,bool)" (?RenderMesh@SceneGame@@AEAAXPEAVMesh@@_N@Z)
SceneGame.obj : error LNK2019: unresolved external symbol "public: class Mtx44 __cdecl Mtx44::operator*(class Mtx44 const &)const " (??DMtx44@@QEBA?AV0@AEBV0@@Z) referenced in function "private: void __cdecl SceneGame::RenderMesh(class Mesh *,bool)" (?RenderMesh@SceneGame@@AEAAXPEAVMesh@@_N@Z)
SceneGame.obj : error LNK2019: unresolved external symbol "public: class Mtx44 & __cdecl Mtx44::operator=(class Mtx44 const &)" (??4Mtx44@@QEAAAEAV0@AEBV0@@Z) referenced in function "private: void __cdecl SceneGame::RenderMesh(class Mesh *,bool)" (?RenderMesh@SceneGame@@AEAAXPEAVMesh@@_N@Z)
SceneGame.obj : error LNK2019: unresolved external symbol "public: void __cdecl Mtx44::SetToTranslation(float,float,float)" (?SetToTranslation@Mtx44@@QEAAXMMM@Z) referenced in function "private: void __cdecl SceneGame::RenderText(class Mesh *,class std::basic_string<char,struct std::char_traits<char>,class std::allocator<char> >,struct Color)" (?RenderText@SceneGame@@AEAAXPEAVMesh@@V?$basic_string@DU?$char_traits@D@std@@V?$allocator@D@2@@std@@UColor@@@Z)
SceneGame.obj : error LNK2019: unresolved external symbol "public: void __cdecl Mtx44::SetToPerspective(double,double,double,double)" (?SetToPerspective@Mtx44@@QEAAXNNNN@Z) referenced in function "private: void __cdecl SceneGame::InitProjection(void)" (?InitProjection@SceneGame@@AEAAXXZ)
SceneGame.obj : error LNK2019: unresolved external symbol "public: void __cdecl Mtx44::SetToOrtho(double,double,double,double,double,double)" (?SetToOrtho@Mtx44@@QEAAXNNNNNN@Z) referenced in function "private: void __cdecl SceneGame::RenderTextOnScreen(class Mesh *,class std::basic_string<char,struct std::char_traits<char>,class std::allocator<char> >,struct Color,float,float,float)" (?RenderTextOnScreen@SceneGame@@AEAAXPEAVMesh@@V?$basic_string@DU?$char_traits@D@std@@V?$allocator@D@2@@std@@UColor@@MMM@Z)
SceneGame.obj : error LNK2019: unresolved external symbol "public: __cdecl MS::MS(void)" (??0MS@@QEAA@XZ) referenced in function "public: __cdecl SceneGame::SceneGame(void)" (??0SceneGame@@QEAA@XZ)
SceneGame.obj : error LNK2019: unresolved external symbol "public: __cdecl MS::~MS(void)" (??1MS@@QEAA@XZ) referenced in function "int `public: __cdecl SceneGame::SceneGame(void)'::`1'::dtor$2" (?dtor$2@?0???0SceneGame@@QEAA@XZ@4HA)
SceneGame.obj : error LNK2019: unresolved external symbol "public: class Mtx44 const & __cdecl MS::Top(void)const " (?Top@MS@@QEBAAEBVMtx44@@XZ) referenced in function "public: virtual void __cdecl SceneGame::Render(void)" (?Render@SceneGame@@UEAAXXZ)
SceneGame.obj : error LNK2019: unresolved external symbol "public: void __cdecl MS::PopMatrix(void)" (?PopMatrix@MS@@QEAAXXZ) referenced in function "private: void __cdecl SceneGame::RenderButtons(void)" (?RenderButtons@SceneGame@@AEAAXXZ)
SceneGame.obj : error LNK2019: unresolved external symbol "public: void __cdecl MS::PushMatrix(void)" (?PushMatrix@MS@@QEAAXXZ) referenced in function "private: void __cdecl SceneGame::RenderButtons(void)" (?RenderButtons@SceneGame@@AEAAXXZ)
SceneGame.obj : error LNK2019: unresolved external symbol "public: void __cdecl MS::LoadIdentity(void)" (?LoadIdentity@MS@@QEAAXXZ) referenced in function "public: virtual void __cdecl SceneGame::Render(void)" (?Render@SceneGame@@UEAAXXZ)
SceneGame.obj : error LNK2019: unresolved external symbol "public: void __cdecl MS::LoadMatrix(class Mtx44 const &)" (?LoadMatrix@MS@@QEAAXAEBVMtx44@@@Z) referenced in function "private: void __cdecl SceneGame::InitProjection(void)" (?InitProjection@SceneGame@@AEAAXXZ)
SceneGame.obj : error LNK2019: unresolved external symbol "public: void __cdecl MS::Rotate(float,float,float,float)" (?Rotate@MS@@QEAAXMMMM@Z) referenced in function "private: void __cdecl SceneGame::RenderButtons(void)" (?RenderButtons@SceneGame@@AEAAXXZ)
SceneGame.obj : error LNK2019: unresolved external symbol "public: void __cdecl MS::Scale(float,float,float)" (?Scale@MS@@QEAAXMMM@Z) referenced in function "private: void __cdecl SceneGame::RenderButtons(void)" (?RenderButtons@SceneGame@@AEAAXXZ)
SceneGame.obj : error LNK2019: unresolved external symbol "public: void __cdecl MS::Translate(float,float,float)" (?Translate@MS@@QEAAXMMM@Z) referenced in function "private: void __cdecl SceneGame::RenderButtons(void)" (?RenderButtons@SceneGame@@AEAAXXZ)
SceneGame.obj : error LNK2019: unresolved external symbol "public: void __cdecl MS::LookAt(double,double,double,double,double,double,double,double,double)" (?LookAt@MS@@QEAAXNNNNNNNNN@Z) referenced in function "public: virtual void __cdecl SceneGame::Render(void)" (?Render@SceneGame@@UEAAXXZ)
SceneGame.obj : error LNK2019: unresolved external symbol __imp_glBlendFunc referenced in function "private: void __cdecl SceneGame::InitDefault(void)" (?InitDefault@SceneGame@@AEAAXXZ)
SceneGame.obj : error LNK2019: unresolved external symbol __imp_glClear referenced in function "public: virtual void __cdecl SceneGame::Render(void)" (?Render@SceneGame@@UEAAXXZ)
SceneGame.obj : error LNK2019: unresolved external symbol __imp_glClearColor referenced in function "private: void __cdecl SceneGame::InitDefault(void)" (?InitDefault@SceneGame@@AEAAXXZ)
SceneGame.obj : error LNK2019: unresolved external symbol __imp_glDisable referenced in function "private: void __cdecl SceneGame::RenderText(class Mesh *,class std::basic_string<char,struct std::char_traits<char>,class std::allocator<char> >,struct Color)" (?RenderText@SceneGame@@AEAAXPEAVMesh@@V?$basic_string@DU?$char_traits@D@std@@V?$allocator@D@2@@std@@UColor@@@Z)
SceneGame.obj : error LNK2019: unresolved external symbol __imp_glEnable referenced in function "private: void __cdecl SceneGame::InitDefault(void)" (?InitDefault@SceneGame@@AEAAXXZ)
SceneGame.obj : error LNK2019: unresolved external symbol __imp_glPolygonMode referenced in function "private: void __cdecl SceneGame::InitDefault(void)" (?InitDefault@SceneGame@@AEAAXXZ)
SceneGame.obj : error LNK2001: unresolved external symbol __imp___glewActiveTexture
SceneGame.obj : error LNK2001: unresolved external symbol __imp___glewDeleteProgram
SceneGame.obj : error LNK2001: unresolved external symbol __imp___glewGetUniformLocation
SceneGame.obj : error LNK2001: unresolved external symbol __imp___glewUniform1f
SceneGame.obj : error LNK2001: unresolved external symbol __imp___glewUniform1i
SceneGame.obj : error LNK2001: unresolved external symbol __imp___glewUniform3fv
SceneGame.obj : error LNK2001: unresolved external symbol __imp___glewUniformMatrix4fv
SceneGame.obj : error LNK2001: unresolved external symbol __imp___glewUseProgram
SceneGame.obj : error LNK2001: unresolved external symbol __imp___glewBindVertexArray
SceneGame.obj : error LNK2001: unresolved external symbol __imp___glewDeleteVertexArrays
SceneGame.obj : error LNK2001: unresolved external symbol __imp___glewGenVertexArrays
shader.obj : error LNK2001: unresolved external symbol __imp___glewAttachShader
shader.obj : error LNK2001: unresolved external symbol __imp___glewCompileShader
shader.obj : error LNK2001: unresolved external symbol __imp___glewCreateProgram
shader.obj : error LNK2001: unresolved external symbol __imp___glewCreateShader
shader.obj : error LNK2001: unresolved external symbol __imp___glewDeleteShader
shader.obj : error LNK2001: unresolved external symbol __imp___glewGetProgramInfoLog
shader.obj : error LNK2001: unresolved external symbol __imp___glewGetProgramiv
shader.obj : error LNK2001: unresolved external symbol __imp___glewGetShaderInfoLog
shader.obj : error LNK2001: unresolved external symbol __imp___glewGetShaderiv
shader.obj : error LNK2001: unresolved external symbol __imp___glewLinkProgram
shader.obj : error LNK2001: unresolved external symbol __imp___glewShaderSource
C:\Users\Jeremy Yeo\source\repos\SP2-Team-18\x64\Debug\DM2122Practical.exe : fatal error LNK1120: 91 unresolved externals
